app/build/intermediates/manifest_merge_blame_file/debug/processDebugMainManifest/manifest-merger-blame-debug-report.txt
1<?xml version="1.0" encoding="utf-8"?>
2<manifest xmlns:android="http://schemas.android.com/apk/res/android"
3    package="com.varisahayak.debug"
4    android:versionCode="1"
5    android:versionName="1.0.0" >
6
7    <uses-sdk
7-->INJECTED
8        android:minSdkVersion="23"
8-->INJECTED
9        android:targetSdkVersion="36" />
9-->INJECTED
10
11    <!-- Required by supabase-kt; omitting it surfaces as "trying to connect to localhost". -->
12    <uses-permission android:name="android.permission.INTERNET" />
12-->src\main\AndroidManifest.xml:6:5-67
12-->src\main\AndroidManifest.xml:6:22-64
13    <uses-permission android:name="android.permission.ACCESS_NETWORK_STATE" />
13-->src\main\AndroidManifest.xml:7:5-79
13-->src\main\AndroidManifest.xml:7:22-76
14
15    <!-- Location: coarse-only is a supported state, not a failure (Phase 5). -->
16    <uses-permission android:name="android.permission.ACCESS_COARSE_LOCATION" />
16-->src\main\AndroidManifest.xml:10:5-81
16-->src\main\AndroidManifest.xml:10:22-78
17    <uses-permission android:name="android.permission.ACCESS_FINE_LOCATION" />
17-->src\main\AndroidManifest.xml:11:5-79
17-->src\main\AndroidManifest.xml:11:22-76
18    <uses-permission android:name="android.permission.CAMERA" />
18-->src\main\AndroidManifest.xml:13:5-65
18-->src\main\AndroidManifest.xml:13:22-62
19
20    <!-- Android 13+ requires a runtime request; FCM declares it but does not ask. -->
21    <uses-permission android:name="android.permission.POST_NOTIFICATIONS" />
21-->src\main\AndroidManifest.xml:16:5-77
21-->src\main\AndroidManifest.xml:16:22-74
22
23    <!-- Re-arm pending incident sync after a reboot so a queued record is never stranded. -->
24    <uses-permission android:name="android.permission.RECEIVE_BOOT_COMPLETED" />
24-->src\main\AndroidManifest.xml:19:5-81
24-->src\main\AndroidManifest.xml:19:22-78
25
26    <uses-feature
26-->src\main\AndroidManifest.xml:21:5-23:36
27        android:name="android.hardware.camera"
27-->src\main\AndroidManifest.xml:22:9-47
28        android:required="false" />
28-->src\main\AndroidManifest.xml:23:9-33
29    <uses-feature
29-->src\main\AndroidManifest.xml:24:5-26:36
30        android:name="android.hardware.location.gps"
30-->src\main\AndroidManifest.xml:25:9-53
31        android:required="false" />
31-->src\main\AndroidManifest.xml:26:9-33
32
33    <uses-permission android:name="android.permission.WAKE_LOCK" />
33-->[androidx.work:work-runtime:2.11.2] AndroidManifest.xml:23:5-68
33-->[androidx.work:work-runtime:2.11.2] AndroidManifest.xml:23:22-65
34    <uses-permission android:name="android.permission.FOREGROUND_SERVICE" /> <!-- Required by older versions of Google Play services to create IID tokens -->
34-->[androidx.work:work-runtime:2.11.2] AndroidManifest.xml:26:5-77
34-->[androidx.work:work-runtime:2.11.2] AndroidManifest.xml:26:22-74
35    <uses-permission android:name="com.google.android.c2dm.permission.RECEIVE" />
35-->[com.google.firebase:firebase-messaging:25.1.2] AndroidManifest.xml:26:5-82
35-->[com.google.firebase:firebase-messaging:25.1.2] AndroidManifest.xml:26:22-79
36
37    <uses-feature
37-->[com.google.android.gms:play-services-maps:20.0.0] AndroidManifest.xml:22:5-24:33
38        android:glEsVersion="0x00020000"
38-->[com.google.android.gms:play-services-maps:20.0.0] AndroidManifest.xml:23:8-40
39        android:required="true" />
39-->[com.google.android.gms:play-services-maps:20.0.0] AndroidManifest.xml:24:8-31
40
41    <queries>
41-->[com.google.android.gms:play-services-maps:20.0.0] AndroidManifest.xml:27:5-30:15
42
43        <!-- Needs to be explicitly declared on Android R+ -->
44        <package android:name="com.google.android.apps.maps" />
44-->[com.google.android.gms:play-services-maps:20.0.0] AndroidManifest.xml:29:7-61
44-->[com.google.android.gms:play-services-maps:20.0.0] AndroidManifest.xml:29:16-59
45    </queries>
46
47    <uses-permission android:name="com.google.android.finsky.permission.BIND_GET_INSTALL_REFERRER_SERVICE" />
47-->[com.google.android.gms:play-services-measurement:23.2.0] AndroidManifest.xml:26:5-110
47-->[com.google.android.gms:play-services-measurement:23.2.0] AndroidManifest.xml:26:22-107
48    <uses-permission android:name="com.google.android.gms.permission.AD_ID" />
48-->[com.google.android.gms:play-services-measurement-impl:23.2.0] AndroidManifest.xml:27:5-79
48-->[com.google.android.gms:play-services-measurement-impl:23.2.0] AndroidManifest.xml:27:22-76
49    <uses-permission android:name="android.permission.ACCESS_ADSERVICES_ATTRIBUTION" />
49-->[com.google.android.gms:play-services-measurement-api:23.2.0] AndroidManifest.xml:26:5-88
49-->[com.google.android.gms:play-services-measurement-api:23.2.0] AndroidManifest.xml:26:22-85
50    <uses-permission android:name="android.permission.ACCESS_ADSERVICES_AD_ID" />
50-->[com.google.android.gms:play-services-measurement-api:23.2.0] AndroidManifest.xml:27:5-82
50-->[com.google.android.gms:play-services-measurement-api:23.2.0] AndroidManifest.xml:27:22-79
51
52    <permission
52-->[androidx.core:core:1.19.0] AndroidManifest.xml:22:5-24:47
53        android:name="com.varisahayak.debug.DYNAMIC_RECEIVER_NOT_EXPORTED_PERMISSION"
53-->[androidx.core:core:1.19.0] AndroidManifest.xml:23:9-81
54        android:protectionLevel="signature" />
54-->[androidx.core:core:1.19.0] AndroidManifest.xml:24:9-44
55
56    <uses-permission android:name="com.varisahayak.debug.DYNAMIC_RECEIVER_NOT_EXPORTED_PERMISSION" />
56-->[androidx.core:core:1.19.0] AndroidManifest.xml:26:5-97
56-->[androidx.core:core:1.19.0] AndroidManifest.xml:26:22-94
57
58    <application
58-->src\main\AndroidManifest.xml:28:5-96:19
59        android:name="com.varisahayak.app.VariSahayakApplication"
59-->src\main\AndroidManifest.xml:29:9-51
60        android:allowBackup="false"
60-->src\main\AndroidManifest.xml:30:9-36
61        android:appComponentFactory="androidx.core.app.CoreComponentFactory"
61-->[androidx.core:core:1.19.0] AndroidManifest.xml:28:18-86
62        android:dataExtractionRules="@xml/data_extraction_rules"
62-->src\main\AndroidManifest.xml:31:9-65
63        android:debuggable="true"
64        android:extractNativeLibs="false"
64-->INJECTED
65        android:fullBackupContent="@xml/backup_rules"
65-->src\main\AndroidManifest.xml:32:9-54
66        android:icon="@mipmap/ic_launcher"
66-->src\main\AndroidManifest.xml:33:9-43
67        android:label="@string/app_name"
67-->src\main\AndroidManifest.xml:34:9-41
68        android:roundIcon="@mipmap/ic_launcher_round"
68-->src\main\AndroidManifest.xml:35:9-54
69        android:supportsRtl="true"
69-->src\main\AndroidManifest.xml:36:9-35
70        android:testOnly="true"
71        android:theme="@style/Theme.VariSahayak"
71-->src\main\AndroidManifest.xml:37:9-49
72        android:usesCleartextTraffic="false" >
72-->src\main\AndroidManifest.xml:38:9-45
73        <activity
73-->src\main\AndroidManifest.xml:41:9-51:20
74            android:name="com.varisahayak.app.MainActivity"
74-->src\main\AndroidManifest.xml:42:13-45
75            android:exported="true"
75-->src\main\AndroidManifest.xml:43:13-36
76            android:launchMode="singleTask"
76-->src\main\AndroidManifest.xml:44:13-44
77            android:theme="@style/Theme.VariSahayak"
77-->src\main\AndroidManifest.xml:45:13-53
78            android:windowSoftInputMode="adjustResize" >
78-->src\main\AndroidManifest.xml:46:13-55
79            <intent-filter>
79-->src\main\AndroidManifest.xml:47:13-50:29
80                <action android:name="android.intent.action.MAIN" />
80-->src\main\AndroidManifest.xml:48:17-69
80-->src\main\AndroidManifest.xml:48:25-66
81
82                <category android:name="android.intent.category.LAUNCHER" />
82-->src\main\AndroidManifest.xml:49:17-77
82-->src\main\AndroidManifest.xml:49:27-74
83            </intent-filter>
84        </activity>
85
86        <meta-data
86-->INJECTED
87            android:name="com.google.android.geo.API_KEY"
87-->src\main\AndroidManifest.xml:54:13-58
88            android:value="AIzaSyAxHcXhu9Z659mzBtQdbm2UJfUO3TLQtS0" />
88-->INJECTED
89
90        <!--
91             Bundled ML Kit barcode model: no first-use download, so the scanner works
92             the first time it is opened in the field with no connectivity.
93        -->
94        <meta-data
94-->src\main\AndroidManifest.xml:59:9-61:39
95            android:name="com.google.mlkit.vision.DEPENDENCIES"
95-->src\main\AndroidManifest.xml:60:13-64
96            android:value="barcode" />
96-->src\main\AndroidManifest.xml:61:13-36
97
98        <service
98-->src\main\AndroidManifest.xml:63:9-69:19
99            android:name="com.varisahayak.feature.notifications.VariSahayakMessagingService"
99-->src\main\AndroidManifest.xml:64:13-78
100            android:exported="false" >
100-->src\main\AndroidManifest.xml:65:13-37
101            <intent-filter>
101-->src\main\AndroidManifest.xml:66:13-68:29
102                <action android:name="com.google.firebase.MESSAGING_EVENT" />
102-->src\main\AndroidManifest.xml:67:17-78
102-->src\main\AndroidManifest.xml:67:25-75
103            </intent-filter>
104        </service>
105
106        <meta-data
106-->src\main\AndroidManifest.xml:71:9-73:74
107            android:name="com.google.firebase.messaging.default_notification_channel_id"
107-->src\main\AndroidManifest.xml:72:13-89
108            android:value="@string/notification_channel_id_assignment" />
108-->src\main\AndroidManifest.xml:73:13-71
109
110        <receiver
110-->src\main\AndroidManifest.xml:75:9-83:20
111            android:name="com.varisahayak.data.sync.BootCompletedReceiver"
111-->src\main\AndroidManifest.xml:76:13-60
112            android:enabled="true"
112-->src\main\AndroidManifest.xml:77:13-35
113            android:exported="false" >
113-->src\main\AndroidManifest.xml:78:13-37
114            <intent-filter>
114-->src\main\AndroidManifest.xml:79:13-82:29
115                <action android:name="android.intent.action.BOOT_COMPLETED" />
115-->src\main\AndroidManifest.xml:80:17-79
115-->src\main\AndroidManifest.xml:80:25-76
116                <action android:name="android.intent.action.MY_PACKAGE_REPLACED" />
116-->src\main\AndroidManifest.xml:81:17-84
116-->src\main\AndroidManifest.xml:81:25-81
117            </intent-filter>
118        </receiver>
119
120        <!-- Hilt supplies the WorkerFactory; the default initializer must be removed. -->
121        <provider
121-->INJECTED
122            android:name="androidx.startup.InitializationProvider"
122-->src\main\AndroidManifest.xml:87:13-67
123            android:authorities="com.varisahayak.debug.androidx-startup"
123-->INJECTED
124            android:exported="false" >
124-->src\main\AndroidManifest.xml:89:13-37
125            <meta-data
125-->[com.google.maps.android:maps-compose:8.5.0] AndroidManifest.xml:29:13-31:52
126                android:name="com.google.maps.android.compose.utils.attribution.AttributionIdInitializer"
126-->[com.google.maps.android:maps-compose:8.5.0] AndroidManifest.xml:30:17-106
127                android:value="androidx.startup" />
127-->[com.google.maps.android:maps-compose:8.5.0] AndroidManifest.xml:31:17-49
128            <meta-data
128-->[com.google.maps.android:maps-ktx:6.2.0] AndroidManifest.xml:30:13-32:52
129                android:name="com.google.maps.android.ktx.utils.attribution.AttributionIdInitializer"
129-->[com.google.maps.android:maps-ktx:6.2.0] AndroidManifest.xml:31:17-102
130                android:value="androidx.startup" />
130-->[com.google.maps.android:maps-ktx:6.2.0] AndroidManifest.xml:32:17-49
131            <meta-data
131-->[com.google.maps.android:android-maps-utils-core:5.0.0] AndroidManifest.xml:29:13-31:52
132                android:name="com.google.maps.android.utils.attribution.AttributionIdInitializer"
132-->[com.google.maps.android:android-maps-utils-core:5.0.0] AndroidManifest.xml:30:17-98
133                android:value="androidx.startup" />
133-->[com.google.maps.android:android-maps-utils-core:5.0.0] AndroidManifest.xml:31:17-49
134            <meta-data
134-->[io.github.jan-tennert.supabase:storage-kt-android:3.8.0] AndroidManifest.xml:14:13-16:52
135                android:name="io.github.jan.supabase.storage.SupabaseInitializer"
135-->[io.github.jan-tennert.supabase:storage-kt-android:3.8.0] AndroidManifest.xml:15:17-82
136                android:value="androidx.startup" />
136-->[io.github.jan-tennert.supabase:storage-kt-android:3.8.0] AndroidManifest.xml:16:17-49
137            <meta-data
137-->[io.github.jan-tennert.supabase:auth-kt-android:3.8.0] AndroidManifest.xml:14:13-16:52
138                android:name="io.github.jan.supabase.auth.SupabaseInitializer"
138-->[io.github.jan-tennert.supabase:auth-kt-android:3.8.0] AndroidManifest.xml:15:17-79
139                android:value="androidx.startup" />
139-->[io.github.jan-tennert.supabase:auth-kt-android:3.8.0] AndroidManifest.xml:16:17-49
140            <meta-data
140-->[androidx.emoji2:emoji2:1.4.0] AndroidManifest.xml:29:13-31:52
141                android:name="androidx.emoji2.text.EmojiCompatInitializer"
141-->[androidx.emoji2:emoji2:1.4.0] AndroidManifest.xml:30:17-75
142                android:value="androidx.startup" />
142-->[androidx.emoji2:emoji2:1.4.0] AndroidManifest.xml:31:17-49
143            <meta-data
143-->[androidx.lifecycle:lifecycle-process:2.11.0] AndroidManifest.xml:29:13-31:52
144                android:name="androidx.lifecycle.ProcessLifecycleInitializer"
144-->[androidx.lifecycle:lifecycle-process:2.11.0] AndroidManifest.xml:30:17-78
145                android:value="androidx.startup" />
145-->[androidx.lifecycle:lifecycle-process:2.11.0] AndroidManifest.xml:31:17-49
146            <meta-data
146-->[androidx.profileinstaller:profileinstaller:1.4.0] AndroidManifest.xml:29:13-31:52
147                android:name="androidx.profileinstaller.ProfileInstallerInitializer"
147-->[androidx.profileinstaller:profileinstaller:1.4.0] AndroidManifest.xml:30:17-85
148                android:value="androidx.startup" />
148-->[androidx.profileinstaller:profileinstaller:1.4.0] AndroidManifest.xml:31:17-49
149            <meta-data
149-->[com.squareup.okhttp3:okhttp-android:5.3.2] AndroidManifest.xml:16:13-18:52
150                android:name="okhttp3.internal.platform.PlatformInitializer"
150-->[com.squareup.okhttp3:okhttp-android:5.3.2] AndroidManifest.xml:17:17-77
151                android:value="androidx.startup" />
151-->[com.squareup.okhttp3:okhttp-android:5.3.2] AndroidManifest.xml:18:17-49
152            <meta-data
152-->[com.russhwolf:multiplatform-settings-no-arg-android-debug:1.3.0] AndroidManifest.xml:29:13-31:52
153                android:name="com.russhwolf.settings.SettingsInitializer"
153-->[com.russhwolf:multiplatform-settings-no-arg-android-debug:1.3.0] AndroidManifest.xml:30:17-74
154                android:value="androidx.startup" />
154-->[com.russhwolf:multiplatform-settings-no-arg-android-debug:1.3.0] AndroidManifest.xml:31:17-49
155        </provider>
156
157        <service
157-->[androidx.camera:camera-camera2:1.6.2] AndroidManifest.xml:24:9-33:19
158            android:name="androidx.camera.core.impl.MetadataHolderService"
158-->[androidx.camera:camera-camera2:1.6.2] AndroidManifest.xml:25:13-75
159            android:enabled="false"
159-->[androidx.camera:camera-camera2:1.6.2] AndroidManifest.xml:26:13-36
160            android:exported="false" >
160-->[androidx.camera:camera-camera2:1.6.2] AndroidManifest.xml:27:13-37
161            <meta-data
161-->[androidx.camera:camera-camera2:1.6.2] AndroidManifest.xml:30:13-32:89
162                android:name="androidx.camera.core.impl.MetadataHolderService.DEFAULT_CONFIG_PROVIDER"
162-->[androidx.camera:camera-camera2:1.6.2] AndroidManifest.xml:31:17-103
163                android:value="androidx.camera.camera2.Camera2Config$DefaultProvider" />
163-->[androidx.camera:camera-camera2:1.6.2] AndroidManifest.xml:32:17-86
164        </service>
165        <service
165-->[androidx.work:work-runtime:2.11.2] AndroidManifest.xml:39:9-45:35
166            android:name="androidx.work.impl.background.systemjob.SystemJobService"
166-->[androidx.work:work-runtime:2.11.2] AndroidManifest.xml:40:13-84
167            android:directBootAware="false"
167-->[androidx.work:work-runtime:2.11.2] AndroidManifest.xml:41:13-44
168            android:enabled="@bool/enable_system_job_service_default"
168-->[androidx.work:work-runtime:2.11.2] AndroidManifest.xml:42:13-70
169            android:exported="true"
169-->[androidx.work:work-runtime:2.11.2] AndroidManifest.xml:43:13-36
170            android:permission="android.permission.BIND_JOB_SERVICE" />
170-->[androidx.work:work-runtime:2.11.2] AndroidManifest.xml:44:13-69
171        <service
171-->[androidx.work:work-runtime:2.11.2] AndroidManifest.xml:46:9-52:35
172            android:name="androidx.work.impl.foreground.SystemForegroundService"
172-->[androidx.work:work-runtime:2.11.2] AndroidManifest.xml:47:13-81
173            android:directBootAware="false"
173-->[androidx.work:work-runtime:2.11.2] AndroidManifest.xml:48:13-44
174            android:enabled="@bool/enable_system_foreground_service_default"
174-->[androidx.work:work-runtime:2.11.2] AndroidManifest.xml:49:13-77
175            android:exported="false" />
175-->[androidx.work:work-runtime:2.11.2] AndroidManifest.xml:50:13-37
176
177        <receiver
177-->[androidx.work:work-runtime:2.11.2] AndroidManifest.xml:54:9-59:35
178            android:name="androidx.work.impl.utils.ForceStopRunnable$BroadcastReceiver"
178-->[androidx.work:work-runtime:2.11.2] AndroidManifest.xml:55:13-88
179            android:directBootAware="false"
179-->[androidx.work:work-runtime:2.11.2] AndroidManifest.xml:56:13-44
180            android:enabled="true"
180-->[androidx.work:work-runtime:2.11.2] AndroidManifest.xml:57:13-35
181            android:exported="false" />
181-->[androidx.work:work-runtime:2.11.2] AndroidManifest.xml:58:13-37
182        <receiver
182-->[androidx.work:work-runtime:2.11.2] AndroidManifest.xml:60:9-69:20
183            android:name="androidx.work.impl.background.systemalarm.RescheduleReceiver"
183-->[androidx.work:work-runtime:2.11.2] AndroidManifest.xml:61:13-88
184            android:directBootAware="false"
184-->[androidx.work:work-runtime:2.11.2] AndroidManifest.xml:62:13-44
185            android:enabled="false"
185-->[androidx.work:work-runtime:2.11.2] AndroidManifest.xml:63:13-36
186            android:exported="false" >
186-->[androidx.work:work-runtime:2.11.2] AndroidManifest.xml:64:13-37
187            <intent-filter>
187-->[androidx.work:work-runtime:2.11.2] AndroidManifest.xml:66:13-68:29
188                <action android:name="android.intent.action.BOOT_COMPLETED" />
188-->src\main\AndroidManifest.xml:80:17-79
188-->src\main\AndroidManifest.xml:80:25-76
189            </intent-filter>
190        </receiver>
191        <receiver
191-->[androidx.work:work-runtime:2.11.2] AndroidManifest.xml:70:9-80:20
192            android:name="androidx.work.impl.diagnostics.DiagnosticsReceiver"
192-->[androidx.work:work-runtime:2.11.2] AndroidManifest.xml:71:13-78
193            android:directBootAware="false"
193-->[androidx.work:work-runtime:2.11.2] AndroidManifest.xml:72:13-44
194            android:enabled="true"
194-->[androidx.work:work-runtime:2.11.2] AndroidManifest.xml:73:13-35
195            android:exported="true"
195-->[androidx.work:work-runtime:2.11.2] AndroidManifest.xml:74:13-36
196            android:permission="android.permission.DUMP" >
196-->[androidx.work:work-runtime:2.11.2] AndroidManifest.xml:75:13-57
197            <intent-filter>
197-->[androidx.work:work-runtime:2.11.2] AndroidManifest.xml:77:13-79:29
198                <action android:name="androidx.work.diagnostics.REQUEST_DIAGNOSTICS" />
198-->[androidx.work:work-runtime:2.11.2] AndroidManifest.xml:78:17-88
198-->[androidx.work:work-runtime:2.11.2] AndroidManifest.xml:78:25-85
199            </intent-filter>
200        </receiver>
201
202        <service
202-->[com.google.android.gms:play-services-mlkit-barcode-scanning:18.3.1] AndroidManifest.xml:9:9-15:19
203            android:name="com.google.mlkit.common.internal.MlKitComponentDiscoveryService"
203-->[com.google.android.gms:play-services-mlkit-barcode-scanning:18.3.1] AndroidManifest.xml:10:13-91
204            android:directBootAware="true"
204-->[com.google.mlkit:common:18.11.0] AndroidManifest.xml:17:13-43
205            android:exported="false" >
205-->[com.google.android.gms:play-services-mlkit-barcode-scanning:18.3.1] AndroidManifest.xml:11:13-37
206            <meta-data
206-->[com.google.android.gms:play-services-mlkit-barcode-scanning:18.3.1] AndroidManifest.xml:12:13-14:85
207                android:name="com.google.firebase.components:com.google.mlkit.vision.barcode.internal.BarcodeRegistrar"
207-->[com.google.android.gms:play-services-mlkit-barcode-scanning:18.3.1] AndroidManifest.xml:13:17-120
208                android:value="com.google.firebase.components.ComponentRegistrar" />
208-->[com.google.android.gms:play-services-mlkit-barcode-scanning:18.3.1] AndroidManifest.xml:14:17-82
209            <meta-data
209-->[com.google.mlkit:vision-common:17.3.0] AndroidManifest.xml:12:13-14:85
210                android:name="com.google.firebase.components:com.google.mlkit.vision.common.internal.VisionCommonRegistrar"
210-->[com.google.mlkit:vision-common:17.3.0] AndroidManifest.xml:13:17-124
211                android:value="com.google.firebase.components.ComponentRegistrar" />
211-->[com.google.mlkit:vision-common:17.3.0] AndroidManifest.xml:14:17-82
212            <meta-data
212-->[com.google.mlkit:common:18.11.0] AndroidManifest.xml:20:13-22:85
213                android:name="com.google.firebase.components:com.google.mlkit.common.internal.CommonComponentRegistrar"
213-->[com.google.mlkit:common:18.11.0] AndroidManifest.xml:21:17-120
214                android:value="com.google.firebase.components.ComponentRegistrar" />
214-->[com.google.mlkit:common:18.11.0] AndroidManifest.xml:22:17-82
215        </service>
216
217        <provider
217-->[com.google.mlkit:common:18.11.0] AndroidManifest.xml:9:9-13:38
218            android:name="com.google.mlkit.common.internal.MlKitInitProvider"
218-->[com.google.mlkit:common:18.11.0] AndroidManifest.xml:10:13-78
219            android:authorities="com.varisahayak.debug.mlkitinitprovider"
219-->[com.google.mlkit:common:18.11.0] AndroidManifest.xml:11:13-69
220            android:exported="false"
220-->[com.google.mlkit:common:18.11.0] AndroidManifest.xml:12:13-37
221            android:initOrder="99" />
221-->[com.google.mlkit:common:18.11.0] AndroidManifest.xml:13:13-35
222
223        <receiver
223-->[com.google.firebase:firebase-messaging:25.1.2] AndroidManifest.xml:29:9-40:20
224            android:name="com.google.firebase.iid.FirebaseInstanceIdReceiver"
224-->[com.google.firebase:firebase-messaging:25.1.2] AndroidManifest.xml:30:13-78
225            android:exported="true"
225-->[com.google.firebase:firebase-messaging:25.1.2] AndroidManifest.xml:31:13-36
226            android:permission="com.google.android.c2dm.permission.SEND" >
226-->[com.google.firebase:firebase-messaging:25.1.2] AndroidManifest.xml:32:13-73
227            <intent-filter>
227-->[com.google.firebase:firebase-messaging:25.1.2] AndroidManifest.xml:33:13-35:29
228                <action android:name="com.google.android.c2dm.intent.RECEIVE" />
228-->[com.google.firebase:firebase-messaging:25.1.2] AndroidManifest.xml:34:17-81
228-->[com.google.firebase:firebase-messaging:25.1.2] AndroidManifest.xml:34:25-78
229            </intent-filter>
230
231            <meta-data
231-->[com.google.firebase:firebase-messaging:25.1.2] AndroidManifest.xml:37:13-39:40
232                android:name="com.google.android.gms.cloudmessaging.FINISHED_AFTER_HANDLED"
232-->[com.google.firebase:firebase-messaging:25.1.2] AndroidManifest.xml:38:17-92
233                android:value="true" />
233-->[com.google.firebase:firebase-messaging:25.1.2] AndroidManifest.xml:39:17-37
234        </receiver>
235        <!--
236             FirebaseMessagingService performs security checks at runtime,
237             but set to not exported to explicitly avoid allowing another app to call it.
238        -->
239        <service
239-->[com.google.firebase:firebase-messaging:25.1.2] AndroidManifest.xml:46:9-53:19
240            android:name="com.google.firebase.messaging.FirebaseMessagingService"
240-->[com.google.firebase:firebase-messaging:25.1.2] AndroidManifest.xml:47:13-82
241            android:directBootAware="true"
241-->[com.google.firebase:firebase-messaging:25.1.2] AndroidManifest.xml:48:13-43
242            android:exported="false" >
242-->[com.google.firebase:firebase-messaging:25.1.2] AndroidManifest.xml:49:13-37
243            <intent-filter android:priority="-500" >
243-->src\main\AndroidManifest.xml:66:13-68:29
244                <action android:name="com.google.firebase.MESSAGING_EVENT" />
244-->src\main\AndroidManifest.xml:67:17-78
244-->src\main\AndroidManifest.xml:67:25-75
245            </intent-filter>
246        </service>
247        <service
247-->[com.google.firebase:firebase-messaging:25.1.2] AndroidManifest.xml:54:9-63:19
248            android:name="com.google.firebase.components.ComponentDiscoveryService"
248-->[com.google.firebase:firebase-messaging:25.1.2] AndroidManifest.xml:55:13-84
249            android:directBootAware="true"
249-->[com.google.firebase:firebase-common:22.2.0] AndroidManifest.xml:32:13-43
250            android:exported="false" >
250-->[com.google.firebase:firebase-messaging:25.1.2] AndroidManifest.xml:56:13-37
251            <meta-data
251-->[com.google.firebase:firebase-messaging:25.1.2] AndroidManifest.xml:57:13-59:85
252                android:name="com.google.firebase.components:com.google.firebase.messaging.FirebaseMessagingKtxRegistrar"
252-->[com.google.firebase:firebase-messaging:25.1.2] AndroidManifest.xml:58:17-122
253                android:value="com.google.firebase.components.ComponentRegistrar" />
253-->[com.google.firebase:firebase-messaging:25.1.2] AndroidManifest.xml:59:17-82
254            <meta-data
254-->[com.google.firebase:firebase-messaging:25.1.2] AndroidManifest.xml:60:13-62:85
255                android:name="com.google.firebase.components:com.google.firebase.messaging.FirebaseMessagingRegistrar"
255-->[com.google.firebase:firebase-messaging:25.1.2] AndroidManifest.xml:61:17-119
256                android:value="com.google.firebase.components.ComponentRegistrar" />
256-->[com.google.firebase:firebase-messaging:25.1.2] AndroidManifest.xml:62:17-82
257            <meta-data
257-->[com.google.firebase:firebase-crashlytics:20.1.0] AndroidManifest.xml:15:13-17:85
258                android:name="com.google.firebase.components:com.google.firebase.crashlytics.FirebaseCrashlyticsKtxRegistrar"
258-->[com.google.firebase:firebase-crashlytics:20.1.0] AndroidManifest.xml:16:17-126
259                android:value="com.google.firebase.components.ComponentRegistrar" />
259-->[com.google.firebase:firebase-crashlytics:20.1.0] AndroidManifest.xml:17:17-82
260            <meta-data
260-->[com.google.firebase:firebase-crashlytics:20.1.0] AndroidManifest.xml:18:13-20:85
261                android:name="com.google.firebase.components:com.google.firebase.crashlytics.CrashlyticsRegistrar"
261-->[com.google.firebase:firebase-crashlytics:20.1.0] AndroidManifest.xml:19:17-115
262                android:value="com.google.firebase.components.ComponentRegistrar" />
262-->[com.google.firebase:firebase-crashlytics:20.1.0] AndroidManifest.xml:20:17-82
263            <meta-data
263-->[com.google.android.gms:play-services-measurement-api:23.2.0] AndroidManifest.xml:33:13-35:85
264                android:name="com.google.firebase.components:com.google.firebase.analytics.connector.internal.AnalyticsConnectorRegistrar"
264-->[com.google.android.gms:play-services-measurement-api:23.2.0] AndroidManifest.xml:34:17-139
265                android:value="com.google.firebase.components.ComponentRegistrar" />
265-->[com.google.android.gms:play-services-measurement-api:23.2.0] AndroidManifest.xml:35:17-82
266            <meta-data
266-->[com.google.firebase:firebase-sessions:3.0.7] AndroidManifest.xml:29:13-31:85
267                android:name="com.google.firebase.components:com.google.firebase.sessions.FirebaseSessionsRegistrar"
267-->[com.google.firebase:firebase-sessions:3.0.7] AndroidManifest.xml:30:17-117
268                android:value="com.google.firebase.components.ComponentRegistrar" />
268-->[com.google.firebase:firebase-sessions:3.0.7] AndroidManifest.xml:31:17-82
269            <meta-data
269-->[com.google.firebase:firebase-installations:19.1.2] AndroidManifest.xml:15:13-17:85
270                android:name="com.google.firebase.components:com.google.firebase.installations.FirebaseInstallationsKtxRegistrar"
270-->[com.google.firebase:firebase-installations:19.1.2] AndroidManifest.xml:16:17-130
271                android:value="com.google.firebase.components.ComponentRegistrar" />
271-->[com.google.firebase:firebase-installations:19.1.2] AndroidManifest.xml:17:17-82
272            <meta-data
272-->[com.google.firebase:firebase-installations:19.1.2] AndroidManifest.xml:18:13-20:85
273                android:name="com.google.firebase.components:com.google.firebase.installations.FirebaseInstallationsRegistrar"
273-->[com.google.firebase:firebase-installations:19.1.2] AndroidManifest.xml:19:17-127
274                android:value="com.google.firebase.components.ComponentRegistrar" />
274-->[com.google.firebase:firebase-installations:19.1.2] AndroidManifest.xml:20:17-82
275            <meta-data
275-->[com.google.firebase:firebase-common:22.2.0] AndroidManifest.xml:35:13-37:85
276                android:name="com.google.firebase.components:com.google.firebase.FirebaseCommonKtxRegistrar"
276-->[com.google.firebase:firebase-common:22.2.0] AndroidManifest.xml:36:17-109